\BOOKMARK [1][-]{section.1}{Lab 1}{}% 1
\BOOKMARK [2][-]{subsection.1.1}{Discussion}{section.1}% 2
\BOOKMARK [1][-]{section.2}{Lab 2}{}% 3
\BOOKMARK [2][-]{subsection.2.1}{Discussion}{section.2}% 4
\BOOKMARK [2][-]{subsection.2.2}{Hardware}{section.2}% 5
\BOOKMARK [1][-]{section.3}{Lab 3}{}% 6
\BOOKMARK [2][-]{subsection.3.1}{Discussion}{section.3}% 7
\BOOKMARK [2][-]{subsection.3.2}{Hardware}{section.3}% 8
\BOOKMARK [1][-]{section.4}{Lab 4}{}% 9
\BOOKMARK [2][-]{subsection.4.1}{Discussion}{section.4}% 10
\BOOKMARK [2][-]{subsection.4.2}{Hardware}{section.4}% 11
\BOOKMARK [1][-]{section.5}{Lab 5}{}% 12
\BOOKMARK [2][-]{subsection.5.1}{Discussion}{section.5}% 13
\BOOKMARK [2][-]{subsection.5.2}{Hardware}{section.5}% 14
\BOOKMARK [1][-]{section.6}{Final Project}{}% 15
\BOOKMARK [2][-]{subsection.6.1}{Discussion}{section.6}% 16
\BOOKMARK [2][-]{subsection.6.2}{Hardware}{section.6}% 17
\BOOKMARK [1][-]{section*.2}{Appendices}{}% 18
\BOOKMARK [1][-]{appendix.a.A}{Program Code}{}% 19
\BOOKMARK [2][-]{subsection.a.A.1}{Lab 1 Code}{appendix.a.A}% 20
\BOOKMARK [2][-]{subsection.a.A.2}{Lab 2 Code}{appendix.a.A}% 21
\BOOKMARK [2][-]{subsection.a.A.3}{Lab 3 Code}{appendix.a.A}% 22
\BOOKMARK [2][-]{subsection.a.A.4}{Lab 4 Code}{appendix.a.A}% 23
\BOOKMARK [2][-]{subsection.a.A.5}{Lab 5 Code}{appendix.a.A}% 24
\BOOKMARK [2][-]{subsection.a.A.6}{Final Project Code}{appendix.a.A}% 25
