This is pdfTeX, Version 3.14159265-2.6-1.40.21 (TeX Live 2020/Arch Linux) (preloaded format=pdflatex 2020.10.7)  30 OCT 2020 18:46
entering extended mode
 restricted \write18 enabled.
 file:line:error style messages enabled.
 %&-line parsing enabled.
**/home/nick/ECE303/report/report.tex
(/home/nick/ECE303/report/report.tex
LaTeX2e <2020-02-02> patch level 5
L3 programming layer <2020-06-03> (/usr/share/texmf-dist/tex/latex/base/article.cls
Document Class: article 2019/12/20 v1.4l Standard LaTeX document class
(/usr/share/texmf-dist/tex/latex/base/size12.clo
File: size12.clo 2019/12/20 v1.4l Standard LaTeX file (size option)
)
\c@part=\count167
\c@section=\count168
\c@subsection=\count169
\c@subsubsection=\count170
\c@paragraph=\count171
\c@subparagraph=\count172
\c@figure=\count173
\c@table=\count174
\abovecaptionskip=\skip47
\belowcaptionskip=\skip48
\bibindent=\dimen134
) (/usr/share/texmf-dist/tex/latex/appendix/appendix.sty
Package: appendix 2020/02/08 v1.2c extra appendix facilities
\c@@pps=\count175
\c@@ppsavesec=\count176
\c@@ppsaveapp=\count177
) (/usr/share/texmf-dist/tex/latex/hyperref/hyperref.sty
Package: hyperref 2020-05-15 v7.00e Hypertext links for LaTeX
 (/usr/share/texmf-dist/tex/generic/ltxcmds/ltxcmds.sty
Package: ltxcmds 2019/12/15 v1.24 LaTeX kernel commands for general use (HO)
) (/usr/share/texmf-dist/tex/generic/iftex/iftex.sty
Package: iftex 2020/03/06 v1.0d TeX engine tests
) (/usr/share/texmf-dist/tex/latex/pdftexcmds/pdftexcmds.sty
Package: pdftexcmds 2020-06-04 v0.32 Utility functions of pdfTeX for LuaTeX (HO)
 (/usr/share/texmf-dist/tex/generic/infwarerr/infwarerr.sty
Package: infwarerr 2019/12/03 v1.5 Providing info/warning/error messages (HO)
)
Package pdftexcmds Info: \pdf@primitive is available.
Package pdftexcmds Info: \pdf@ifprimitive is available.
Package pdftexcmds Info: \pdfdraftmode found.
) (/usr/share/texmf-dist/tex/latex/graphics/keyval.sty
Package: keyval 2014/10/28 v1.15 key=value parser (DPC)
\KV@toks@=\toks15
) (/usr/share/texmf-dist/tex/generic/kvsetkeys/kvsetkeys.sty
Package: kvsetkeys 2019/12/15 v1.18 Key value parser (HO)
) (/usr/share/texmf-dist/tex/generic/kvdefinekeys/kvdefinekeys.sty
Package: kvdefinekeys 2019-12-19 v1.6 Define keys (HO)
) (/usr/share/texmf-dist/tex/generic/pdfescape/pdfescape.sty
Package: pdfescape 2019/12/09 v1.15 Implements pdfTeX's escape features (HO)
) (/usr/share/texmf-dist/tex/latex/hycolor/hycolor.sty
Package: hycolor 2020-01-27 v1.10 Color options for hyperref/bookmark (HO)
) (/usr/share/texmf-dist/tex/latex/letltxmacro/letltxmacro.sty
Package: letltxmacro 2019/12/03 v1.6 Let assignment for LaTeX macros (HO)
) (/usr/share/texmf-dist/tex/latex/auxhook/auxhook.sty
Package: auxhook 2019-12-17 v1.6 Hooks for auxiliary files (HO)
) (/usr/share/texmf-dist/tex/latex/kvoptions/kvoptions.sty
Package: kvoptions 2019/11/29 v3.13 Key value format for package options (HO)
)
\@linkdim=\dimen135
\Hy@linkcounter=\count178
\Hy@pagecounter=\count179
 (/usr/share/texmf-dist/tex/latex/hyperref/pd1enc.def
File: pd1enc.def 2020-05-15 v7.00e Hyperref: PDFDocEncoding definition (HO)
Now handling font encoding PD1 ...
... no UTF-8 mapping file for font encoding PD1
) (/usr/share/texmf-dist/tex/generic/intcalc/intcalc.sty
Package: intcalc 2019/12/15 v1.3 Expandable calculations with integers (HO)
) (/usr/share/texmf-dist/tex/generic/etexcmds/etexcmds.sty
Package: etexcmds 2019/12/15 v1.7 Avoid name clashes with e-TeX commands (HO)
)
\Hy@SavedSpaceFactor=\count180
Package hyperref Info: Hyper figures OFF on input line 4464.
Package hyperref Info: Link nesting OFF on input line 4469.
Package hyperref Info: Hyper index ON on input line 4472.
Package hyperref Info: Plain pages OFF on input line 4479.
Package hyperref Info: Backreferencing OFF on input line 4484.
Package hyperref Info: Implicit mode ON; LaTeX internals redefined.
Package hyperref Info: Bookmarks ON on input line 4717.
\c@Hy@tempcnt=\count181
 (/usr/share/texmf-dist/tex/latex/url/url.sty
\Urlmuskip=\muskip16
Package: url 2013/09/16  ver 3.4  Verb mode for urls, etc.
)
LaTeX Info: Redefining \url on input line 5076.
\XeTeXLinkMargin=\dimen136
 (/usr/share/texmf-dist/tex/generic/bitset/bitset.sty
Package: bitset 2019/12/09 v1.3 Handle bit-vector datatype (HO)
 (/usr/share/texmf-dist/tex/generic/bigintcalc/bigintcalc.sty
Package: bigintcalc 2019/12/15 v1.5 Expandable calculations on big integers (HO)
))
\Fld@menulength=\count182
\Field@Width=\dimen137
\Fld@charsize=\dimen138
Package hyperref Info: Hyper figures OFF on input line 6347.
Package hyperref Info: Link nesting OFF on input line 6352.
Package hyperref Info: Hyper index ON on input line 6355.
Package hyperref Info: backreferencing OFF on input line 6362.
Package hyperref Info: Link coloring OFF on input line 6367.
Package hyperref Info: Link coloring with OCG OFF on input line 6372.
Package hyperref Info: PDF/A mode OFF on input line 6377.
LaTeX Info: Redefining \ref on input line 6417.
LaTeX Info: Redefining \pageref on input line 6421.
 (/usr/share/texmf-dist/tex/generic/atbegshi/atbegshi.sty
Package: atbegshi 2019/12/05 v1.19 At begin shipout hook (HO)
)
\Hy@abspage=\count183
\c@Item=\count184
\c@Hfootnote=\count185
)
Package hyperref Info: Driver (autodetected): hpdftex.
 (/usr/share/texmf-dist/tex/latex/hyperref/hpdftex.def
File: hpdftex.def 2020-05-15 v7.00e Hyperref driver for pdfTeX
 (/usr/share/texmf-dist/tex/latex/atveryend/atveryend.sty
Package: atveryend 2019-12-11 v1.11 Hooks at the very end of document (HO)
Package atveryend Info: \enddocument detected (standard20110627).
)
\Fld@listcount=\count186
\c@bookmark@seq@number=\count187
 (/usr/share/texmf-dist/tex/latex/rerunfilecheck/rerunfilecheck.sty
Package: rerunfilecheck 2019/12/05 v1.9 Rerun checks for auxiliary files (HO)
 (/usr/share/texmf-dist/tex/generic/uniquecounter/uniquecounter.sty
Package: uniquecounter 2019/12/15 v1.4 Provide unlimited unique counter (HO)
)
Package uniquecounter Info: New unique counter `rerunfilecheck' on input line 286.
)
\Hy@SectionHShift=\skip49
) (/usr/share/texmf-dist/tex/latex/listings/listings.sty
\lst@mode=\count188
\lst@gtempboxa=\box45
\lst@token=\toks16
\lst@length=\count189
\lst@currlwidth=\dimen139
\lst@column=\count190
\lst@pos=\count191
\lst@lostspace=\dimen140
\lst@width=\dimen141
\lst@newlines=\count192
\lst@lineno=\count193
\lst@maxwidth=\dimen142
 (/usr/share/texmf-dist/tex/latex/listings/lstmisc.sty
File: lstmisc.sty 2020/03/24 1.8d (Carsten Heinz)
\c@lstnumber=\count194
\lst@skipnumbers=\count195
\lst@framebox=\box46
) (/usr/share/texmf-dist/tex/latex/listings/listings.cfg
File: listings.cfg 2020/03/24 1.8d listings configuration
))
Package: listings 2020/03/24 1.8d (Carsten Heinz)
 (/usr/share/texmf-dist/tex/latex/graphics/graphicx.sty
Package: graphicx 2019/11/30 v1.2a Enhanced LaTeX Graphics (DPC,SPQR)
 (/usr/share/texmf-dist/tex/latex/graphics/graphics.sty
Package: graphics 2019/11/30 v1.4a Standard LaTeX Graphics (DPC,SPQR)
 (/usr/share/texmf-dist/tex/latex/graphics/trig.sty
Package: trig 2016/01/03 v1.10 sin cos tan (DPC)
) (/usr/share/texmf-dist/tex/latex/graphics-cfg/graphics.cfg
File: graphics.cfg 2016/06/04 v1.11 sample graphics configuration
)
Package graphics Info: Driver file: pdftex.def on input line 105.
 (/usr/share/texmf-dist/tex/latex/graphics-def/pdftex.def
File: pdftex.def 2018/01/08 v1.0l Graphics/color driver for pdftex
))
\Gin@req@height=\dimen143
\Gin@req@width=\dimen144
) (/usr/share/texmf-dist/tex/latex/xcolor/xcolor.sty
Package: xcolor 2016/05/11 v2.12 LaTeX color extensions (UK)
 (/usr/share/texmf-dist/tex/latex/graphics-cfg/color.cfg
File: color.cfg 2016/01/02 v1.6 sample color configuration
)
Package xcolor Info: Driver file: pdftex.def on input line 225.
Package xcolor Info: Model `cmy' substituted by `cmy0' on input line 1348.
Package xcolor Info: Model `hsb' substituted by `rgb' on input line 1352.
Package xcolor Info: Model `RGB' extended on input line 1364.
Package xcolor Info: Model `HTML' substituted by `rgb' on input line 1366.
Package xcolor Info: Model `Hsb' substituted by `hsb' on input line 1367.
Package xcolor Info: Model `tHsb' substituted by `hsb' on input line 1368.
Package xcolor Info: Model `HSB' substituted by `hsb' on input line 1369.
Package xcolor Info: Model `Gray' substituted by `gray' on input line 1370.
Package xcolor Info: Model `wave' substituted by `hsb' on input line 1371.
) (/usr/share/texmf-dist/tex/latex/listings/lstlang1.sty
File: lstlang1.sty 2020/03/24 1.8d listings language file
) (/usr/share/texmf-dist/tex/latex/listings/lstlang1.sty
File: lstlang1.sty 2020/03/24 1.8d listings language file
) (/usr/share/texmf-dist/tex/latex/listings/lstmisc.sty
File: lstmisc.sty 2020/03/24 1.8d (Carsten Heinz)
) (/usr/share/texmf-dist/tex/latex/l3backend/l3backend-pdfmode.def
File: l3backend-pdfmode.def 2020-06-03 L3 backend support: PDF mode
\l__kernel_color_stack_int=\count196
\l__pdf_internal_box=\box47
) (/home/nick/ECE303/report/report.aux)
LaTeX Font Info:    Checking defaults for OML/cmm/m/it on input line 23.
LaTeX Font Info:    ... okay on input line 23.
LaTeX Font Info:    Checking defaults for OMS/cmsy/m/n on input line 23.
LaTeX Font Info:    ... okay on input line 23.
LaTeX Font Info:    Checking defaults for OT1/cmr/m/n on input line 23.
LaTeX Font Info:    ... okay on input line 23.
LaTeX Font Info:    Checking defaults for T1/cmr/m/n on input line 23.
LaTeX Font Info:    ... okay on input line 23.
LaTeX Font Info:    Checking defaults for TS1/cmr/m/n on input line 23.
LaTeX Font Info:    ... okay on input line 23.
LaTeX Font Info:    Checking defaults for OMX/cmex/m/n on input line 23.
LaTeX Font Info:    ... okay on input line 23.
LaTeX Font Info:    Checking defaults for U/cmr/m/n on input line 23.
LaTeX Font Info:    ... okay on input line 23.
LaTeX Font Info:    Checking defaults for PD1/pdf/m/n on input line 23.
LaTeX Font Info:    ... okay on input line 23.
\AtBeginShipoutBox=\box48
Package hyperref Info: Link coloring OFF on input line 23.
 (/usr/share/texmf-dist/tex/latex/hyperref/nameref.sty
Package: nameref 2019/09/16 v2.46 Cross-referencing by name of section
 (/usr/share/texmf-dist/tex/latex/refcount/refcount.sty
Package: refcount 2019/12/15 v3.6 Data extraction from label references (HO)
) (/usr/share/texmf-dist/tex/generic/gettitlestring/gettitlestring.sty
Package: gettitlestring 2019/12/15 v1.6 Cleanup title references (HO)
)
\c@section@level=\count197
)
LaTeX Info: Redefining \ref on input line 23.
LaTeX Info: Redefining \pageref on input line 23.
LaTeX Info: Redefining \nameref on input line 23.
 (/home/nick/ECE303/report/report.out) (/home/nick/ECE303/report/report.out)
\@outlinefile=\write3
\c@lstlisting=\count198
 (/usr/share/texmf-dist/tex/context/base/mkii/supp-pdf.mkii
[Loading MPS to PDF converter (version 2006.09.02).]
\scratchcounter=\count199
\scratchdimen=\dimen145
\scratchbox=\box49
\nofMPsegments=\count266
\nofMParguments=\count267
\everyMPshowfont=\toks17
\MPscratchCnt=\count268
\MPscratchDim=\dimen146
\MPnumerator=\count269
\makeMPintoPDFobject=\count270
\everyMPtoPDFconversion=\toks18
) (/usr/share/texmf-dist/tex/latex/epstopdf-pkg/epstopdf-base.sty
Package: epstopdf-base 2020-01-24 v2.11 Base part for package epstopdf
Package epstopdf-base Info: Redefining graphics rule for `.eps' on input line 485.
 (/usr/share/texmf-dist/tex/latex/latexconfig/epstopdf-sys.cfg
File: epstopdf-sys.cfg 2010/07/13 v1.3 Configuration of (r)epstopdf for TeX Live
))
LaTeX Font Info:    External font `cmex10' loaded for size
(Font)              <14.4> on input line 28.
LaTeX Font Info:    External font `cmex10' loaded for size
(Font)              <7> on input line 28.
 [1

{/var/lib/texmf/fonts/map/pdftex/updmap/pdftex.map}] (/home/nick/ECE303/report/report.toc
LaTeX Font Info:    External font `cmex10' loaded for size
(Font)              <12> on input line 2.
LaTeX Font Info:    External font `cmex10' loaded for size
(Font)              <8> on input line 2.
LaTeX Font Info:    External font `cmex10' loaded for size
(Font)              <6> on input line 2.
)
\tf@toc=\write4
pdfTeX warning (ext4): destination with the same identifier (name{page.1}) has been already used, duplicate ignored
<to be read again> 
                   \relax 
l.30 \newpage
              [1]
<lab_1/schematic.png, id=142, 1014.03844pt x 914.66719pt>
File: lab_1/schematic.png Graphic file (type png)
<use lab_1/schematic.png>
Package pdftex.def Info: lab_1/schematic.png  used on input line 41.
(pdftex.def)             Requested size: 361.34999pt x 325.93033pt.
 [2 </home/nick/ECE303/report/lab_1/schematic.png>]
<lab_2/schematic.png, id=149, 328.427pt x 325.215pt>
File: lab_2/schematic.png Graphic file (type png)
<use lab_2/schematic.png>
Package pdftex.def Info: lab_2/schematic.png  used on input line 60.
(pdftex.def)             Requested size: 234.87749pt x 232.58154pt.
 [3 </home/nick/ECE303/report/lab_2/schematic.png>] [4]
<lab_3/duty_cycle_led_circuit_curr.png, id=168, 694.449pt x 362.007pt>
File: lab_3/duty_cycle_led_circuit_curr.png Graphic file (type png)
<use lab_3/duty_cycle_led_circuit_curr.png>
Package pdftex.def Info: lab_3/duty_cycle_led_circuit_curr.png  used on input line 85.
(pdftex.def)             Requested size: 361.34999pt x 188.36624pt.
<lab_3/duty_cycle_led_res.png, id=169, 691.821pt x 368.577pt>
File: lab_3/duty_cycle_led_res.png Graphic file (type png)
<use lab_3/duty_cycle_led_res.png>
Package pdftex.def Info: lab_3/duty_cycle_led_res.png  used on input line 90.
(pdftex.def)             Requested size: 361.34999pt x 192.51036pt.
<lab_3/duty_cycle_photo_curr.png, id=170, 694.011pt x 362.007pt>
File: lab_3/duty_cycle_photo_curr.png Graphic file (type png)
<use lab_3/duty_cycle_photo_curr.png>
Package pdftex.def Info: lab_3/duty_cycle_photo_curr.png  used on input line 95.
(pdftex.def)             Requested size: 361.34999pt x 188.48776pt.
<lab_3/duty_cycle_photo_res.png, id=171, 695.544pt x 349.743pt>
File: lab_3/duty_cycle_photo_res.png Graphic file (type png)
<use lab_3/duty_cycle_photo_res.png>
Package pdftex.def Info: lab_3/duty_cycle_photo_res.png  used on input line 100.
(pdftex.def)             Requested size: 361.34999pt x 181.69662pt.
<lab_3/photo_res_led_curr.png, id=172, 695.544pt x 349.743pt>
File: lab_3/photo_res_led_curr.png Graphic file (type png)
<use lab_3/photo_res_led_curr.png>
Package pdftex.def Info: lab_3/photo_res_led_curr.png  used on input line 105.
(pdftex.def)             Requested size: 361.34999pt x 181.69662pt.
 [5 </home/nick/ECE303/report/lab_3/duty_cycle_led_circuit_curr.png>] [6 </home/nick/ECE303/report/lab_3/duty_cycle_led_res.png> </home/nick/ECE303/report/lab_3/duty_cycle_photo_curr.png>]
<lab_3/schematic.png, id=196, 331.639pt x 325.215pt>
File: lab_3/schematic.png Graphic file (type png)
<use lab_3/schematic.png>
Package pdftex.def Info: lab_3/schematic.png  used on input line 127.
(pdftex.def)             Requested size: 234.87749pt x 230.33359pt.
 [7 </home/nick/ECE303/report/lab_3/duty_cycle_photo_res.png> </home/nick/ECE303/report/lab_3/photo_res_led_curr.png>] [8 </home/nick/ECE303/report/lab_3/schematic.png>]
<lab_4/white_duty_cycle_led_circuit_curr.png, id=211, 410.0118pt x 313.4109pt>
File: lab_4/white_duty_cycle_led_circuit_curr.png Graphic file (type png)
<use lab_4/white_duty_cycle_led_circuit_curr.png>
Package pdftex.def Info: lab_4/white_duty_cycle_led_circuit_curr.png  used on input line 140.
(pdftex.def)             Requested size: 289.07999pt x 220.97383pt.
<lab_4/white_duty_cycle_led_res.png, id=212, 422.7795pt x 312.6882pt>
File: lab_4/white_duty_cycle_led_res.png Graphic file (type png)
<use lab_4/white_duty_cycle_led_res.png>
Package pdftex.def Info: lab_4/white_duty_cycle_led_res.png  used on input line 145.
(pdftex.def)             Requested size: 289.07999pt x 213.81796pt.
<lab_4/white_duty_cycle_photo_curr.png, id=213, 416.2752pt x 312.6882pt>
File: lab_4/white_duty_cycle_photo_curr.png Graphic file (type png)
<use lab_4/white_duty_cycle_photo_curr.png>
Package pdftex.def Info: lab_4/white_duty_cycle_photo_curr.png  used on input line 150.
(pdftex.def)             Requested size: 289.07999pt x 217.15305pt.
<lab_4/white_duty_cycle_photo_res.png, id=214, 413.1435pt x 315.0972pt>
File: lab_4/white_duty_cycle_photo_res.png Graphic file (type png)
<use lab_4/white_duty_cycle_photo_res.png>
Package pdftex.def Info: lab_4/white_duty_cycle_photo_res.png  used on input line 155.
(pdftex.def)             Requested size: 289.07999pt x 220.48479pt.
<lab_4/white_photo_res_led_curr.png, id=215, 417.4797pt x 313.4109pt>
File: lab_4/white_photo_res_led_curr.png Graphic file (type png)
<use lab_4/white_photo_res_led_curr.png>
Package pdftex.def Info: lab_4/white_photo_res_led_curr.png  used on input line 160.
(pdftex.def)             Requested size: 289.07999pt x 217.0189pt.
<lab_4/red_duty_cycle_led_circuit_curr.png, id=216, 410.0118pt x 312.6882pt>
File: lab_4/red_duty_cycle_led_circuit_curr.png Graphic file (type png)
<use lab_4/red_duty_cycle_led_circuit_curr.png>
Package pdftex.def Info: lab_4/red_duty_cycle_led_circuit_curr.png  used on input line 165.
(pdftex.def)             Requested size: 289.07999pt x 220.46428pt.
<lab_4/red_duty_cycle_led_res.png, id=217, 416.2752pt x 312.6882pt>
File: lab_4/red_duty_cycle_led_res.png Graphic file (type png)
<use lab_4/red_duty_cycle_led_res.png>
Package pdftex.def Info: lab_4/red_duty_cycle_led_res.png  used on input line 170.
(pdftex.def)             Requested size: 289.07999pt x 217.15305pt.
<lab_4/red_duty_cycle_photo_curr.png, id=218, 416.2752pt x 312.6882pt>
File: lab_4/red_duty_cycle_photo_curr.png Graphic file (type png)
<use lab_4/red_duty_cycle_photo_curr.png>
Package pdftex.def Info: lab_4/red_duty_cycle_photo_curr.png  used on input line 175.
(pdftex.def)             Requested size: 289.07999pt x 217.15305pt.
<lab_4/red_duty_cycle_photo_res.png, id=219, 413.1435pt x 312.6882pt>
File: lab_4/red_duty_cycle_photo_res.png Graphic file (type png)
<use lab_4/red_duty_cycle_photo_res.png>
Package pdftex.def Info: lab_4/red_duty_cycle_photo_res.png  used on input line 180.
(pdftex.def)             Requested size: 289.07999pt x 218.79912pt.
<lab_4/red_photo_res_led_curr.png, id=220, 410.0118pt x 312.6882pt>
File: lab_4/red_photo_res_led_curr.png Graphic file (type png)
<use lab_4/red_photo_res_led_curr.png>
Package pdftex.def Info: lab_4/red_photo_res_led_curr.png  used on input line 185.
(pdftex.def)             Requested size: 289.07999pt x 220.46428pt.
<lab_4/yellow_duty_cycle_led_circuit_curr.png, id=221, 416.2752pt x 312.6882pt>
File: lab_4/yellow_duty_cycle_led_circuit_curr.png Graphic file (type png)
<use lab_4/yellow_duty_cycle_led_circuit_curr.png>
Package pdftex.def Info: lab_4/yellow_duty_cycle_led_circuit_curr.png  used on input line 190.
(pdftex.def)             Requested size: 289.07999pt x 217.15305pt.
<lab_4/yellow_duty_cycle_led_res.png, id=222, 416.2752pt x 312.6882pt>
File: lab_4/yellow_duty_cycle_led_res.png Graphic file (type png)
<use lab_4/yellow_duty_cycle_led_res.png>
Package pdftex.def Info: lab_4/yellow_duty_cycle_led_res.png  used on input line 195.
(pdftex.def)             Requested size: 289.07999pt x 217.15305pt.
<lab_4/yellow_duty_cycle_photo_curr.png, id=223, 416.2752pt x 312.6882pt>
File: lab_4/yellow_duty_cycle_photo_curr.png Graphic file (type png)
<use lab_4/yellow_duty_cycle_photo_curr.png>
Package pdftex.def Info: lab_4/yellow_duty_cycle_photo_curr.png  used on input line 200.
(pdftex.def)             Requested size: 289.07999pt x 217.15305pt.
<lab_4/yellow_duty_cycle_photo_res.png, id=224, 413.1435pt x 312.6882pt>
File: lab_4/yellow_duty_cycle_photo_res.png Graphic file (type png)
<use lab_4/yellow_duty_cycle_photo_res.png>
Package pdftex.def Info: lab_4/yellow_duty_cycle_photo_res.png  used on input line 205.
(pdftex.def)             Requested size: 289.07999pt x 218.79912pt.
<lab_4/yellow_photo_res_led_curr.png, id=225, 416.2752pt x 312.6882pt>
File: lab_4/yellow_photo_res_led_curr.png Graphic file (type png)
<use lab_4/yellow_photo_res_led_curr.png>
Package pdftex.def Info: lab_4/yellow_photo_res_led_curr.png  used on input line 210.
(pdftex.def)             Requested size: 289.07999pt x 217.15305pt.
<lab_4/blue_duty_cycle_led_circuit_curr.png, id=226, 410.0118pt x 312.6882pt>
File: lab_4/blue_duty_cycle_led_circuit_curr.png Graphic file (type png)
<use lab_4/blue_duty_cycle_led_circuit_curr.png>
Package pdftex.def Info: lab_4/blue_duty_cycle_led_circuit_curr.png  used on input line 215.
(pdftex.def)             Requested size: 289.07999pt x 220.46428pt.
<lab_4/blue_duty_cycle_led_res.png, id=227, 422.7795pt x 313.17pt>
File: lab_4/blue_duty_cycle_led_res.png Graphic file (type png)
<use lab_4/blue_duty_cycle_led_res.png>
Package pdftex.def Info: lab_4/blue_duty_cycle_led_res.png  used on input line 220.
(pdftex.def)             Requested size: 289.07999pt x 214.14742pt.
<lab_4/blue_duty_cycle_photo_curr.png, id=228, 416.2752pt x 312.6882pt>
File: lab_4/blue_duty_cycle_photo_curr.png Graphic file (type png)
<use lab_4/blue_duty_cycle_photo_curr.png>
Package pdftex.def Info: lab_4/blue_duty_cycle_photo_curr.png  used on input line 225.
(pdftex.def)             Requested size: 289.07999pt x 217.15305pt.
<lab_4/blue_duty_cycle_photo_res.png, id=229, 419.4069pt x 312.6882pt>
File: lab_4/blue_duty_cycle_photo_res.png Graphic file (type png)
<use lab_4/blue_duty_cycle_photo_res.png>
Package pdftex.def Info: lab_4/blue_duty_cycle_photo_res.png  used on input line 230.
(pdftex.def)             Requested size: 289.07999pt x 215.5356pt.
<lab_4/blue_photo_res_led_curr.png, id=230, 410.0118pt x 312.6882pt>
File: lab_4/blue_photo_res_led_curr.png Graphic file (type png)
<use lab_4/blue_photo_res_led_curr.png>
Package pdftex.def Info: lab_4/blue_photo_res_led_curr.png  used on input line 235.
(pdftex.def)             Requested size: 289.07999pt x 220.46428pt.
<lab_4/green_duty_cycle_led_circuit_curr.png, id=231, 410.0118pt x 312.6882pt>
File: lab_4/green_duty_cycle_led_circuit_curr.png Graphic file (type png)
<use lab_4/green_duty_cycle_led_circuit_curr.png>
Package pdftex.def Info: lab_4/green_duty_cycle_led_circuit_curr.png  used on input line 240.
(pdftex.def)             Requested size: 289.07999pt x 220.46428pt.
<lab_4/green_duty_cycle_led_res.png, id=232, 416.2752pt x 312.6882pt>
File: lab_4/green_duty_cycle_led_res.png Graphic file (type png)
<use lab_4/green_duty_cycle_led_res.png>
Package pdftex.def Info: lab_4/green_duty_cycle_led_res.png  used on input line 245.
(pdftex.def)             Requested size: 289.07999pt x 217.15305pt.
<lab_4/green_duty_cycle_photo_curr.png, id=233, 416.2752pt x 312.6882pt>
File: lab_4/green_duty_cycle_photo_curr.png Graphic file (type png)
<use lab_4/green_duty_cycle_photo_curr.png>
Package pdftex.def Info: lab_4/green_duty_cycle_photo_curr.png  used on input line 250.
(pdftex.def)             Requested size: 289.07999pt x 217.15305pt.
<lab_4/green_duty_cycle_photo_res.png, id=234, 413.1435pt x 312.6882pt>
File: lab_4/green_duty_cycle_photo_res.png Graphic file (type png)
<use lab_4/green_duty_cycle_photo_res.png>
Package pdftex.def Info: lab_4/green_duty_cycle_photo_res.png  used on input line 255.
(pdftex.def)             Requested size: 289.07999pt x 218.79912pt.
<lab_4/green_photo_res_led_curr.png, id=235, 410.0118pt x 312.6882pt>
File: lab_4/green_photo_res_led_curr.png Graphic file (type png)
<use lab_4/green_photo_res_led_curr.png>
Package pdftex.def Info: lab_4/green_photo_res_led_curr.png  used on input line 260.
(pdftex.def)             Requested size: 252.94499pt x 192.90565pt.
 [9

 </home/nick/ECE303/report/lab_4/white_duty_cycle_led_circuit_curr.png>] [10 </home/nick/ECE303/report/lab_4/white_duty_cycle_led_res.png> </home/nick/ECE303/report/lab_4/white_duty_cycle_photo_curr.png>] [11 </home/nick/ECE303/report/lab_4/white_duty_cycle_photo_res.png> </home/nick/ECE303/report/lab_4/white_photo_res_led_curr.png>] [12 </home/nick/ECE303/report/lab_4/red_duty_cycle_led_circuit_curr.png> </home/nick/ECE303/report/lab_4/red_duty_cycle_led_res.png>] [13 </home/nick/ECE303/report/lab_4/red_duty_cycle_photo_curr.png> </home/nick/ECE303/report/lab_4/red_duty_cycle_photo_res.png>] [14 </home/nick/ECE303/report/lab_4/red_photo_res_led_curr.png> </home/nick/ECE303/report/lab_4/yellow_duty_cycle_led_circuit_curr.png>] [15 </home/nick/ECE303/report/lab_4/yellow_duty_cycle_led_res.png> </home/nick/ECE303/report/lab_4/yellow_duty_cycle_photo_curr.png>] [16 </home/nick/ECE303/report/lab_4/yellow_duty_cycle_photo_res.png> </home/nick/ECE303/report/lab_4/yellow_photo_res_led_curr.png>] [17 </home/nick/ECE303/report/lab_4/blue_duty_cycle_led_circuit_curr.png> </home/nick/ECE303/report/lab_4/blue_duty_cycle_led_res.png>] [18 </home/nick/ECE303/report/lab_4/blue_duty_cycle_photo_curr.png> </home/nick/ECE303/report/lab_4/blue_duty_cycle_photo_res.png>]
Overfull \vbox (18.84518pt too high) has occurred while \output is active []

 [19 </home/nick/ECE303/report/lab_4/blue_photo_res_led_curr.png> </home/nick/ECE303/report/lab_4/green_duty_cycle_led_circuit_curr.png>] [20 </home/nick/ECE303/report/lab_4/green_duty_cycle_led_res.png> </home/nick/ECE303/report/lab_4/green_duty_cycle_photo_curr.png>]
<lab_5/gui.png, id=340, 1445.4pt x 782.925pt>
File: lab_5/gui.png Graphic file (type png)
<use lab_5/gui.png>
Package pdftex.def Info: lab_5/gui.png  used on input line 288.
(pdftex.def)             Requested size: 361.34999pt x 195.73077pt.
 [21 </home/nick/ECE303/report/lab_4/green_duty_cycle_photo_res.png> </home/nick/ECE303/report/lab_4/green_photo_res_led_curr.png>] [22 </home/nick/ECE303/report/lab_5/gui.PNG>]
Package hyperref Info: bookmark level for unknown lstlisting defaults to 0 on input line 305.
 (/home/nick/ECE303/report/../lab_1/src/blinky.cpp
LaTeX Font Info:    Font shape `OT1/cmtt/bx/n' in size <10> not available
(Font)              Font shape `OT1/cmtt/m/n' tried instead on input line 1.
) (/home/nick/ECE303/report/../lab_1/src/main.cpp) [23]
Overfull \vbox (93.37767pt too high) has occurred while \output is active []

 [24] (/home/nick/ECE303/report/../lab_2/src/main.cpp [25] [26] [27]) (/home/nick/ECE303/report/../lab_3/src/main.cpp [28]) (/home/nick/ECE303/report/../lab_4/src/main.cpp [29] [30]) (/usr/share/texmf-dist/tex/latex/listings/lstlang1.sty
File: lstlang1.sty 2020/03/24 1.8d listings language file
) (/home/nick/ECE303/report/../lab_4/src/frontend.py [31] [32] [33]) (/home/nick/ECE303/report/../lab_5/src/main.cpp [34] [35]) (/home/nick/ECE303/report/../lab_5/src/frontend.py [36] [37] [38])
Package atveryend Info: Empty hook `BeforeClearDocument' on input line 321.
 [39]
Package atveryend Info: Empty hook `AfterLastShipout' on input line 321.
 (/home/nick/ECE303/report/report.aux)
Package atveryend Info: Executing hook `AtVeryEndDocument' on input line 321.
Package atveryend Info: Executing hook `AtEndAfterFileList' on input line 321.
Package rerunfilecheck Info: File `report.out' has not changed.
(rerunfilecheck)             Checksum: 216AC81A16C4A4AC88260A54E95E5090;1151.
Package atveryend Info: Empty hook `AtVeryVeryEnd' on input line 321.
 ) 
Here is how much of TeX's memory you used:
 9054 strings out of 480478
 134815 string characters out of 5905959
 684667 words of memory out of 5000000
 24178 multiletter control sequences out of 15000+600000
 538617 words of font info for 46 fonts, out of 8000000 for 9000
 1141 hyphenation exceptions out of 8191
 39i,7n,67p,356b,2140s stack positions out of 5000i,500n,10000p,200000b,80000s
</usr/share/texmf-dist/fonts/type1/public/amsfonts/cm/cmbx12.pfb></usr/share/texmf-dist/fonts/type1/public/amsfonts/cm/cmitt10.pfb></usr/share/texmf-dist/fonts/type1/public/amsfonts/cm/cmmi12.pfb></usr/share/texmf-dist/fonts/type1/public/amsfonts/cm/cmmi8.pfb></usr/share/texmf-dist/fonts/type1/public/amsfonts/cm/cmr10.pfb></usr/share/texmf-dist/fonts/type1/public/amsfonts/cm/cmr12.pfb></usr/share/texmf-dist/fonts/type1/public/amsfonts/cm/cmr17.pfb></usr/share/texmf-dist/fonts/type1/public/amsfonts/cm/cmr8.pfb></usr/share/texmf-dist/fonts/type1/public/amsfonts/cm/cmsy10.pfb></usr/share/texmf-dist/fonts/type1/public/amsfonts/cm/cmtt10.pfb>
Output written on /home/nick/ECE303/report/report.pdf (40 pages, 4011865 bytes).
PDF statistics:
 1254 PDF objects out of 1440 (max. 8388607)
 1123 compressed objects within 12 object streams
 728 named destinations out of 1000 (max. 500000)
 339 words of extra memory for PDF output out of 10000 (max. 10000000)

